# JRE version: Java(TM) SE Runtime Environment (21.0.2+13) (build 21.0.2+13-LTS-58)
# Java VM: Java HotSpot(TM) 64-Bit Server VM (21.0.2+13-LTS-58, mixed mode, sharing, tiered, compressed oops, compressed class ptrs, g1 gc, windows-amd64)
GC Precious Log:
 CardTable entry size: 512
 Card Set container configuration: InlinePtr #cards 4 size 8 Array Of Cards #cards 16 size 48 Howl #buckets 8 coarsen threshold 3686 Howl Bitmap #cards 512 size 80 coarsen threshold 460 Card regions per heap region 1 cards per card region 4096
 CPUs: 8 total, 8 available
 Memory: 10156M
 Large Page Support: Disabled
 NUMA Support: Disabled
 Compressed Oops: Enabled (Zero based)
 Heap Region Size: 2M
 Heap Min Capacity: 8M
 Heap Initial Capacity: 160M
 Heap Max Capacity: 2540M
 Pre-touch: Disabled
 Parallel Workers: 8
 Concurrent Workers: 2
 Concurrent Refinement Workers: 8
 Periodic GC: Disabled
Heap:
 garbage-first heap   total 73728K, used 30592K [0x0000000761400000, 0x0000000800000000)
  region size 2048K, 4 young (8192K), 3 survivors (6144K)
 Metaspace       used 59456K, committed 60224K, reserved 1114112K
  class space    used 7715K, committed 8064K, reserved 1048576K
GC Heap History (20 events):
Event: 1.711 GC heap before
{Heap before GC invocations=0 (full 0):
 garbage-first heap   total 163840K, used 20480K [0x0000000761400000, 0x0000000800000000)
  region size 2048K, 11 young (22528K), 0 survivors (0K)
 Metaspace       used 4248K, committed 4416K, reserved 1114112K
  class space    used 461K, committed 576K, reserved 1048576K
}
Event: 1.722 GC heap after
{Heap after GC invocations=1 (full 0):
 garbage-first heap   total 163840K, used 6792K [0x0000000761400000, 0x0000000800000000)
  region size 2048K, 2 young (4096K), 2 survivors (4096K)
 Metaspace       used 4248K, committed 4416K, reserved 1114112K
  class space    used 461K, committed 576K, reserved 1048576K
}
Event: 3.014 GC heap before
{Heap before GC invocations=1 (full 0):
 garbage-first heap   total 163840K, used 29320K [0x0000000761400000, 0x0000000800000000)
  region size 2048K, 14 young (28672K), 2 survivors (4096K)
 Metaspace       used 9033K, committed 9280K, reserved 1114112K
  class space    used 1104K, committed 1216K, reserved 1048576K
}
Event: 3.020 GC heap after
{Heap after GC invocations=2 (full 0):
 garbage-first heap   total 163840K, used 9436K [0x0000000761400000, 0x0000000800000000)
  region size 2048K, 1 young (2048K), 1 survivors (2048K)
 Metaspace       used 9033K, committed 9280K, reserved 1114112K
  class space    used 1104K, committed 1216K, reserved 1048576K
}
Event: 5.399 GC heap before
{Heap before GC invocations=2 (full 0):
 garbage-first heap   total 163840K, used 81116K [0x0000000761400000, 0x0000000800000000)
  region size 2048K, 38 young (77824K), 1 survivors (2048K)
 Metaspace       used 21161K, committed 21504K, reserved 1114112K
  class space    used 2557K, committed 2752K, reserved 1048576K
}
Event: 5.409 GC heap after
{Heap after GC invocations=3 (full 0):
 garbage-first heap   total 163840K, used 14944K [0x0000000761400000, 0x0000000800000000)
  region size 2048K, 4 young (8192K), 4 survivors (8192K)
 Metaspace       used 21161K, committed 21504K, reserved 1114112K
  class space    used 2557K, committed 2752K, reserved 1048576K
}
Event: 7.701 GC heap before
{Heap before GC invocations=4 (full 0):
 garbage-first heap   total 61440K, used 60000K [0x0000000761400000, 0x0000000800000000)
  region size 2048K, 26 young (53248K), 4 survivors (8192K)
 Metaspace       used 27845K, committed 28288K, reserved 1114112K
  class space    used 3479K, committed 3648K, reserved 1048576K
}
Event: 7.712 GC heap after
{Heap after GC invocations=5 (full 0):
 garbage-first heap   total 73728K, used 18944K [0x0000000761400000, 0x0000000800000000)
  region size 2048K, 5 young (10240K), 5 survivors (10240K)
 Metaspace       used 27845K, committed 28288K, reserved 1114112K
  class space    used 3479K, committed 3648K, reserved 1048576K
}
Event: 9.070 GC heap before
{Heap before GC invocations=5 (full 0):
 garbage-first heap   total 73728K, used 49664K [0x0000000761400000, 0x0000000800000000)
  region size 2048K, 21 young (43008K), 5 survivors (10240K)
 Metaspace       used 32924K, committed 33472K, reserved 1114112K
  class space    used 4095K, committed 4352K, reserved 1048576K
}
Event: 9.086 GC heap after
{Heap after GC invocations=6 (full 0):
 garbage-first heap   total 73728K, used 20957K [0x0000000761400000, 0x0000000800000000)
  region size 2048K, 2 young (4096K), 2 survivors (4096K)
 Metaspace       used 32924K, committed 33472K, reserved 1114112K
  class space    used 4095K, committed 4352K, reserved 1048576K
}
Event: 9.656 GC heap before
{Heap before GC invocations=6 (full 0):
 garbage-first heap   total 73728K, used 31197K [0x0000000761400000, 0x0000000800000000)
  region size 2048K, 8 young (16384K), 2 survivors (4096K)
 Metaspace       used 35450K, committed 35968K, reserved 1114112K
  class space    used 4479K, committed 4736K, reserved 1048576K
}
Event: 9.660 GC heap after
{Heap after GC invocations=7 (full 0):
 garbage-first heap   total 73728K, used 20570K [0x0000000761400000, 0x0000000800000000)
  region size 2048K, 2 young (4096K), 2 survivors (4096K)
 Metaspace       used 35450K, committed 35968K, reserved 1114112K
  class space    used 4479K, committed 4736K, reserved 1048576K
}
Event: 11.873 GC heap before
{Heap before GC invocations=8 (full 0):
 garbage-first heap   total 73728K, used 57434K [0x0000000761400000, 0x0000000800000000)
  region size 2048K, 21 young (43008K), 2 survivors (4096K)
 Metaspace       used 44634K, committed 45248K, reserved 1114112K
  class space    used 5720K, committed 6016K, reserved 1048576K
}
Event: 11.879 GC heap after
{Heap after GC invocations=9 (full 0):
 garbage-first heap   total 73728K, used 22807K [0x0000000761400000, 0x0000000800000000)
  region size 2048K, 3 young (6144K), 3 survivors (6144K)
 Metaspace       used 44634K, committed 45248K, reserved 1114112K
  class space    used 5720K, committed 6016K, reserved 1048576K
}
Event: 13.318 GC heap before
{Heap before GC invocations=9 (full 0):
 garbage-first heap   total 73728K, used 57623K [0x0000000761400000, 0x0000000800000000)
  region size 2048K, 21 young (43008K), 3 survivors (6144K)
 Metaspace       used 51066K, committed 51648K, reserved 1114112K
  class space    used 6665K, committed 6912K, reserved 1048576K
}
Event: 13.328 GC heap after
{Heap after GC invocations=10 (full 0):
 garbage-first heap   total 73728K, used 25288K [0x0000000761400000, 0x0000000800000000)
  region size 2048K, 3 young (6144K), 3 survivors (6144K)
 Metaspace       used 51066K, committed 51648K, reserved 1114112K
  class space    used 6665K, committed 6912K, reserved 1048576K
}
Event: 19.807 GC heap before
{Heap before GC invocations=10 (full 0):
 garbage-first heap   total 73728K, used 58056K [0x0000000761400000, 0x0000000800000000)
  region size 2048K, 20 young (40960K), 3 survivors (6144K)
 Metaspace       used 56394K, committed 57088K, reserved 1114112K
  class space    used 7299K, committed 7616K, reserved 1048576K
}
Event: 19.815 GC heap after
{Heap after GC invocations=11 (full 0):
 garbage-first heap   total 73728K, used 28253K [0x0000000761400000, 0x0000000800000000)
  region size 2048K, 3 young (6144K), 3 survivors (6144K)
 Metaspace       used 56394K, committed 57088K, reserved 1114112K
  class space    used 7299K, committed 7616K, reserved 1048576K
}
Event: 29.570 GC heap before
{Heap before GC invocations=11 (full 0):
 garbage-first heap   total 73728K, used 44637K [0x0000000761400000, 0x0000000800000000)
  region size 2048K, 12 young (24576K), 3 survivors (6144K)
 Metaspace       used 59425K, committed 60160K, reserved 1114112K
  class space    used 7712K, committed 8064K, reserved 1048576K
}
Event: 29.576 GC heap after
{Heap after GC invocations=12 (full 0):
 garbage-first heap   total 73728K, used 30592K [0x0000000761400000, 0x0000000800000000)
  region size 2048K, 3 young (6144K), 3 survivors (6144K)
 Metaspace       used 59425K, committed 60160K, reserved 1114112K
  class space    used 7712K, committed 8064K, reserved 1048576K
}

